mode: atomic
github.com/gopatchy/header/authorization.go:11.59,14.16 2 2
github.com/gopatchy/header/authorization.go:14.16,16.3 1 0
github.com/gopatchy/header/authorization.go:18.2,19.21 2 2
github.com/gopatchy/header/authorization.go:19.21,21.3 1 0
github.com/gopatchy/header/authorization.go:23.2,23.27 1 2
github.com/gopatchy/header/authorization.go:26.53,28.16 2 1
github.com/gopatchy/header/authorization.go:28.16,30.3 1 0
github.com/gopatchy/header/authorization.go:32.2,33.21 2 1
github.com/gopatchy/header/authorization.go:33.21,35.3 1 0
github.com/gopatchy/header/authorization.go:37.2,37.32 1 1
